  BoundaryCondition.cpp
  Convective.cpp
  DeleteArray.cpp
  Dissipative.cpp
  DynamicArray.cpp
  Geometry.cpp
  GhostCells.cpp
  Initialization.cpp
  InitialValues.cpp
  LocalTimeStep.cpp
  Main.cpp
  MaxMatrices.cpp
  Primitive.cpp
  PutOut.cpp
  ReadMesh.cpp
  Residual.cpp
  ResultDeal.cpp
  RungeKutta.cpp
  VariablesDeclear.cpp
  正在生成代码...
  2D_steady_Euler_Initialization.vcxproj -> C:\Users\13168\Desktop\RHB\2D_steady_Euler_Initialization\x64\Debug\2D_steady_Euler_Initialization.exe
